<?xml version="1.0" encoding="UTF-8"?>
<testng-results ignored="0" total="1" passed="1" failed="0" skipped="0">
  <reporter-output>
  </reporter-output>
  <suite started-at="2024-08-31T22:06:55 IST" name="Default suite" finished-at="2024-08-31T22:06:56 IST" duration-ms="1593">
    <groups>
    </groups>
    <test started-at="2024-08-31T22:06:55 IST" name="Default test" finished-at="2024-08-31T22:06:56 IST" duration-ms="1593">
      <class name="tests.JSONSchema">
        <test-method signature="schemaValidator()[pri:0, instance:tests.JSONSchema@2654635]" started-at="2024-08-31T22:06:55 IST" name="schemaValidator" finished-at="2024-08-31T22:06:56 IST" duration-ms="1558" status="PASS">
          <reporter-output>
          </reporter-output>
        </test-method> <!-- schemaValidator -->
      </class> <!-- tests.JSONSchema -->
    </test> <!-- Default test -->
  </suite> <!-- Default suite -->
</testng-results>
